<?xml version="1.0" encoding="UTF-8"?>
<!-- Generated by org.testng.reporters.JUnitReportReporter -->
<testsuite skipped="0" hostname="DESKTOP-4J1LCJ7" name="runner.RunCuke" tests="2" failures="0" timestamp="30 May 2019 17:24:33 GMT" time="0.119" errors="0">
  <testcase name="feature" time="0.008" classname="runner.RunCuke"/>
  <testcase name="feature" time="0.111" classname="runner.RunCuke"/>
</testsuite> <!-- runner.RunCuke -->
